Removed Pin From Net: NetName=GND Pin=D1-A
Removed Pin From Net: NetName=NetCout_1 Pin=D1-C
Change Component DesignItemId : Designator=D1 Old DesignItemId=1N5817 New DesignItemId=Diode 1N4001
Change Component Footprint: Designator=D1 Old Footprint=DO41-1_1N5817(Primary) New Footprint=DO-41
Change Component Comment : Designator=D1 Old Comment=1N5817 New Comment=Diode 1N4001
Change Component Description : Designator=D1 Old Description=DIODE, SCHOTTKY, 1A, 20V; Diode Type: Schottky; Voltage, Vrrm: 20V; Current, If AV: 1A; Current, Ifsm: 25A; Voltage, ... New Description=1 Amp General Purpose Rectifier
Change Component Library : Designator=D1 Old Library=1N5817.IntLib New Library=Miscellaneous Devices.IntLib
Change component parameters: Designator = "D1"; Footprint = "DO-41"; UniqueID = "\IWYFHRUH"
Change component parameters. Clean all parameters for all variants
Change component parameters (AddParameter): Name = "Code_JEDEC"; Value = "DO-204-AL"; VariantName = "[No Variations]"
Change component parameters (AddParameter): Name = "ComponentLink1Description"; Value = "Manufacturer Link"; VariantName = "[No Variations]"
Change component parameters (AddParameter): Name = "ComponentLink1URL"; Value = "http://www.fairchildsemi.com/"; VariantName = "[No Variations]"
Change component parameters (AddParameter): Name = "ComponentLink2Description"; Value = "Datasheet"; VariantName = "[No Variations]"
Change component parameters (AddParameter): Name = "ComponentLink2URL"; Value = "http://www.fairchildsemi.com/ds/1N%2F1N4001.pdf"; VariantName = "[No Variations]"
Change component parameters (AddParameter): Name = "DatasheetVersion"; Value = "1998"; VariantName = "[No Variations]"
Change component parameters (AddParameter): Name = "LatestRevisionDate"; Value = "17-Jul-2002"; VariantName = "[No Variations]"
Change component parameters (AddParameter): Name = "LatestRevisionNote"; Value = "Re-released for DXP Platform."; VariantName = "[No Variations]"
Change component parameters (AddParameter): Name = "PackageDescription"; Value = "Diode, Axial; Body 5.2 x 2.7 mm (LxDia. max), Lead Dia. 0.86 mm (max)"; VariantName = "[No Variations]"
Change component parameters (AddParameter): Name = "PackageReference"; Value = "DO-41"; VariantName = "[No Variations]"
Change component parameters (AddParameter): Name = "PackageVersion"; Value = "Aug-1999"; VariantName = "[No Variations]"
Change component parameters (AddParameter): Name = "Published"; Value = "8-Jun-2000"; VariantName = "[No Variations]"
Change component parameters (AddParameter): Name = "Publisher"; Value = "Altium Limited"; VariantName = "[No Variations]"
Added Pin To Net: NetName=GND Pin=D1-1
Added Pin To Net: NetName=NetCout_1 Pin=D1-2
Added Pin To Net: NetName=GND Pin=P2-13
Added Member To Class: ClassName=ProjectLOOM Member=Component P2 Header 16
Added Member To Class: ClassName=ProjectLOOM Member=Component U1 LMC6032IN
